2018-06-12 22:06:53.447 [main] INFO  org.springframework.test.context.support.DefaultTestContextBootstrapper - Loaded default TestExecutionListener class names from location [META-INF/spring.factories]: [org.springframework.test.context.web.ServletTestExecutionListener, org.springframework.test.context.support.DirtiesContextBeforeModesTestExecutionListener, org.springframework.test.context.support.DependencyInjectionTestExecutionListener, org.springframework.test.context.support.DirtiesContextTestExecutionListener, org.springframework.test.context.transaction.TransactionalTestExecutionListener, org.springframework.test.context.jdbc.SqlScriptsTestExecutionListener]
2018-06-12 22:06:53.464 [main] INFO  org.springframework.test.context.support.DefaultTestContextBootstrapper - Using TestExecutionListeners: [org.springframework.test.context.support.DirtiesContextBeforeModesTestExecutionListener@a2431d0, org.springframework.test.context.support.DependencyInjectionTestExecutionListener@1cbb87f3, org.springframework.test.context.support.DirtiesContextTestExecutionListener@1a4013, org.springframework.test.context.transaction.TransactionalTestExecutionListener@1b6e1eff, org.springframework.test.context.jdbc.SqlScriptsTestExecutionListener@306f16f3]
2018-06-12 22:06:53.542 [main] INFO  org.springframework.context.support.GenericApplicationContext - Refreshing org.springframework.context.support.GenericApplicationContext@5fbdfdcf: startup date [Tue Jun 12 22:06:53 MSK 2018]; root of context hierarchy
2018-06-12 22:06:53.621 [main] INFO  org.springframework.beans.factory.xml.XmlBeanDefinitionReader - Loading XML bean definitions from class path resource [application-context.xml]
2018-06-12 22:06:53.730 [main] INFO  org.springframework.beans.factory.annotation.AutowiredAnnotationBeanPostProcessor - JSR-330 'javax.inject.Inject' annotation found and supported for autowiring
2018-06-12 22:06:53.886 [main] INFO  org.springframework.jdbc.datasource.embedded.EmbeddedDatabaseFactory - Starting embedded database: url='jdbc:h2:mem:e8192179-2cbf-4eba-b9ce-860e08692d2a;DB_CLOSE_DELAY=-1;DB_CLOSE_ON_EXIT=false', username='sa'
2018-06-12 22:06:53.988 [main] INFO  org.springframework.jdbc.datasource.init.ScriptUtils - Executing SQL script from class path resource [db-schema.sql]
2018-06-12 22:06:53.989 [main] INFO  org.springframework.jdbc.datasource.embedded.EmbeddedDatabaseFactory - Shutting down embedded database: url='jdbc:h2:mem:e8192179-2cbf-4eba-b9ce-860e08692d2a;DB_CLOSE_DELAY=-1;DB_CLOSE_ON_EXIT=false'
2018-06-12 22:06:53.992 [main] WARN  org.springframework.context.support.GenericApplicationContext - Exception encountered during context initialization - cancelling refresh attempt: org.springframework.beans.factory.BeanCreationException: Error creating bean with name 'entityManagerFactoryBean' defined in JavaConfig: Bean instantiation via factory method failed; nested exception is org.springframework.beans.BeanInstantiationException: Failed to instantiate [org.springframework.orm.jpa.LocalContainerEntityManagerFactoryBean]: Factory method 'entityManagerFactoryBean' threw exception; nested exception is org.springframework.beans.factory.BeanCreationException: Error creating bean with name 'dataSource' defined in JavaConfig: Bean instantiation via factory method failed; nested exception is org.springframework.beans.BeanInstantiationException: Failed to instantiate [javax.sql.DataSource]: Factory method 'dataSource' threw exception; nested exception is org.springframework.jdbc.datasource.init.CannotReadScriptException: Cannot read SQL script from class path resource [db-schema.sql]; nested exception is java.io.FileNotFoundException: class path resource [db-schema.sql] cannot be opened because it does not exist
2018-06-12 22:06:54.007 [main] INFO  org.springframework.context.support.GenericApplicationContext - Refreshing org.springframework.context.support.GenericApplicationContext@4febb875: startup date [Tue Jun 12 22:06:54 MSK 2018]; root of context hierarchy
2018-06-12 22:06:54.021 [main] INFO  org.springframework.beans.factory.xml.XmlBeanDefinitionReader - Loading XML bean definitions from class path resource [application-context.xml]
2018-06-12 22:06:54.044 [main] INFO  org.springframework.beans.factory.annotation.AutowiredAnnotationBeanPostProcessor - JSR-330 'javax.inject.Inject' annotation found and supported for autowiring
2018-06-12 22:06:54.051 [main] INFO  org.springframework.jdbc.datasource.embedded.EmbeddedDatabaseFactory - Starting embedded database: url='jdbc:h2:mem:6058c6e6-62bd-47ea-9413-70ad64db798e;DB_CLOSE_DELAY=-1;DB_CLOSE_ON_EXIT=false', username='sa'
2018-06-12 22:06:54.053 [main] INFO  org.springframework.jdbc.datasource.init.ScriptUtils - Executing SQL script from class path resource [db-schema.sql]
2018-06-12 22:06:54.053 [main] INFO  org.springframework.jdbc.datasource.embedded.EmbeddedDatabaseFactory - Shutting down embedded database: url='jdbc:h2:mem:6058c6e6-62bd-47ea-9413-70ad64db798e;DB_CLOSE_DELAY=-1;DB_CLOSE_ON_EXIT=false'
2018-06-12 22:06:54.054 [main] WARN  org.springframework.context.support.GenericApplicationContext - Exception encountered during context initialization - cancelling refresh attempt: org.springframework.beans.factory.BeanCreationException: Error creating bean with name 'entityManagerFactoryBean' defined in JavaConfig: Bean instantiation via factory method failed; nested exception is org.springframework.beans.BeanInstantiationException: Failed to instantiate [org.springframework.orm.jpa.LocalContainerEntityManagerFactoryBean]: Factory method 'entityManagerFactoryBean' threw exception; nested exception is org.springframework.beans.factory.BeanCreationException: Error creating bean with name 'dataSource' defined in JavaConfig: Bean instantiation via factory method failed; nested exception is org.springframework.beans.BeanInstantiationException: Failed to instantiate [javax.sql.DataSource]: Factory method 'dataSource' threw exception; nested exception is org.springframework.jdbc.datasource.init.CannotReadScriptException: Cannot read SQL script from class path resource [db-schema.sql]; nested exception is java.io.FileNotFoundException: class path resource [db-schema.sql] cannot be opened because it does not exist
2018-06-12 22:06:54.064 [main] INFO  org.springframework.context.support.GenericApplicationContext - Refreshing org.springframework.context.support.GenericApplicationContext@27305e6: startup date [Tue Jun 12 22:06:54 MSK 2018]; root of context hierarchy
2018-06-12 22:06:54.074 [main] INFO  org.springframework.beans.factory.xml.XmlBeanDefinitionReader - Loading XML bean definitions from class path resource [application-context.xml]
2018-06-12 22:06:54.086 [main] INFO  org.springframework.beans.factory.annotation.AutowiredAnnotationBeanPostProcessor - JSR-330 'javax.inject.Inject' annotation found and supported for autowiring
2018-06-12 22:06:54.091 [main] INFO  org.springframework.jdbc.datasource.embedded.EmbeddedDatabaseFactory - Starting embedded database: url='jdbc:h2:mem:ef806e43-5393-4160-b548-2609ed94c1bc;DB_CLOSE_DELAY=-1;DB_CLOSE_ON_EXIT=false', username='sa'
2018-06-12 22:06:54.092 [main] INFO  org.springframework.jdbc.datasource.init.ScriptUtils - Executing SQL script from class path resource [db-schema.sql]
2018-06-12 22:06:54.092 [main] INFO  org.springframework.jdbc.datasource.embedded.EmbeddedDatabaseFactory - Shutting down embedded database: url='jdbc:h2:mem:ef806e43-5393-4160-b548-2609ed94c1bc;DB_CLOSE_DELAY=-1;DB_CLOSE_ON_EXIT=false'
2018-06-12 22:06:54.093 [main] WARN  org.springframework.context.support.GenericApplicationContext - Exception encountered during context initialization - cancelling refresh attempt: org.springframework.beans.factory.BeanCreationException: Error creating bean with name 'entityManagerFactoryBean' defined in JavaConfig: Bean instantiation via factory method failed; nested exception is org.springframework.beans.BeanInstantiationException: Failed to instantiate [org.springframework.orm.jpa.LocalContainerEntityManagerFactoryBean]: Factory method 'entityManagerFactoryBean' threw exception; nested exception is org.springframework.beans.factory.BeanCreationException: Error creating bean with name 'dataSource' defined in JavaConfig: Bean instantiation via factory method failed; nested exception is org.springframework.beans.BeanInstantiationException: Failed to instantiate [javax.sql.DataSource]: Factory method 'dataSource' threw exception; nested exception is org.springframework.jdbc.datasource.init.CannotReadScriptException: Cannot read SQL script from class path resource [db-schema.sql]; nested exception is java.io.FileNotFoundException: class path resource [db-schema.sql] cannot be opened because it does not exist
2018-06-12 22:13:24.719 [main] INFO  org.springframework.test.context.support.DefaultTestContextBootstrapper - Loaded default TestExecutionListener class names from location [META-INF/spring.factories]: [org.springframework.test.context.web.ServletTestExecutionListener, org.springframework.test.context.support.DirtiesContextBeforeModesTestExecutionListener, org.springframework.test.context.support.DependencyInjectionTestExecutionListener, org.springframework.test.context.support.DirtiesContextTestExecutionListener, org.springframework.test.context.transaction.TransactionalTestExecutionListener, org.springframework.test.context.jdbc.SqlScriptsTestExecutionListener]
2018-06-12 22:13:24.741 [main] INFO  org.springframework.test.context.support.DefaultTestContextBootstrapper - Using TestExecutionListeners: [org.springframework.test.context.support.DirtiesContextBeforeModesTestExecutionListener@34f5090e, org.springframework.test.context.support.DependencyInjectionTestExecutionListener@31e5415e, org.springframework.test.context.support.DirtiesContextTestExecutionListener@a2431d0, org.springframework.test.context.transaction.TransactionalTestExecutionListener@1cbb87f3, org.springframework.test.context.jdbc.SqlScriptsTestExecutionListener@1a4013]
2018-06-12 22:13:24.849 [main] INFO  org.springframework.context.support.GenericApplicationContext - Refreshing org.springframework.context.support.GenericApplicationContext@3d6f0054: startup date [Tue Jun 12 22:13:24 MSK 2018]; root of context hierarchy
2018-06-12 22:13:24.949 [main] INFO  org.springframework.beans.factory.xml.XmlBeanDefinitionReader - Loading XML bean definitions from class path resource [application-context.xml]
2018-06-12 22:13:25.062 [main] INFO  org.springframework.beans.factory.annotation.AutowiredAnnotationBeanPostProcessor - JSR-330 'javax.inject.Inject' annotation found and supported for autowiring
2018-06-12 22:13:25.217 [main] INFO  org.springframework.jdbc.datasource.embedded.EmbeddedDatabaseFactory - Starting embedded database: url='jdbc:h2:mem:a1e5cc0c-464e-4305-b1d0-6f770b90dbef;DB_CLOSE_DELAY=-1;DB_CLOSE_ON_EXIT=false', username='sa'
2018-06-12 22:13:25.312 [main] INFO  org.springframework.jdbc.datasource.init.ScriptUtils - Executing SQL script from class path resource [db-schema.sql]
2018-06-12 22:13:25.314 [main] INFO  org.springframework.jdbc.datasource.embedded.EmbeddedDatabaseFactory - Shutting down embedded database: url='jdbc:h2:mem:a1e5cc0c-464e-4305-b1d0-6f770b90dbef;DB_CLOSE_DELAY=-1;DB_CLOSE_ON_EXIT=false'
2018-06-12 22:13:25.317 [main] WARN  org.springframework.context.support.GenericApplicationContext - Exception encountered during context initialization - cancelling refresh attempt: org.springframework.beans.factory.BeanCreationException: Error creating bean with name 'entityManagerFactoryBean' defined in JavaConfig: Bean instantiation via factory method failed; nested exception is org.springframework.beans.BeanInstantiationException: Failed to instantiate [org.springframework.orm.jpa.LocalContainerEntityManagerFactoryBean]: Factory method 'entityManagerFactoryBean' threw exception; nested exception is org.springframework.beans.factory.BeanCreationException: Error creating bean with name 'dataSource' defined in JavaConfig: Bean instantiation via factory method failed; nested exception is org.springframework.beans.BeanInstantiationException: Failed to instantiate [javax.sql.DataSource]: Factory method 'dataSource' threw exception; nested exception is org.springframework.jdbc.datasource.init.CannotReadScriptException: Cannot read SQL script from class path resource [db-schema.sql]; nested exception is java.io.FileNotFoundException: class path resource [db-schema.sql] cannot be opened because it does not exist
2018-06-12 22:13:25.332 [main] INFO  org.springframework.context.support.GenericApplicationContext - Refreshing org.springframework.context.support.GenericApplicationContext@f667fe: startup date [Tue Jun 12 22:13:25 MSK 2018]; root of context hierarchy
2018-06-12 22:13:25.350 [main] INFO  org.springframework.beans.factory.xml.XmlBeanDefinitionReader - Loading XML bean definitions from class path resource [application-context.xml]
2018-06-12 22:13:25.374 [main] INFO  org.springframework.beans.factory.annotation.AutowiredAnnotationBeanPostProcessor - JSR-330 'javax.inject.Inject' annotation found and supported for autowiring
2018-06-12 22:13:25.383 [main] INFO  org.springframework.jdbc.datasource.embedded.EmbeddedDatabaseFactory - Starting embedded database: url='jdbc:h2:mem:e8975dc7-2766-488e-a16b-c9922fce0983;DB_CLOSE_DELAY=-1;DB_CLOSE_ON_EXIT=false', username='sa'
2018-06-12 22:13:25.385 [main] INFO  org.springframework.jdbc.datasource.init.ScriptUtils - Executing SQL script from class path resource [db-schema.sql]
2018-06-12 22:13:25.385 [main] INFO  org.springframework.jdbc.datasource.embedded.EmbeddedDatabaseFactory - Shutting down embedded database: url='jdbc:h2:mem:e8975dc7-2766-488e-a16b-c9922fce0983;DB_CLOSE_DELAY=-1;DB_CLOSE_ON_EXIT=false'
2018-06-12 22:13:25.386 [main] WARN  org.springframework.context.support.GenericApplicationContext - Exception encountered during context initialization - cancelling refresh attempt: org.springframework.beans.factory.BeanCreationException: Error creating bean with name 'entityManagerFactoryBean' defined in JavaConfig: Bean instantiation via factory method failed; nested exception is org.springframework.beans.BeanInstantiationException: Failed to instantiate [org.springframework.orm.jpa.LocalContainerEntityManagerFactoryBean]: Factory method 'entityManagerFactoryBean' threw exception; nested exception is org.springframework.beans.factory.BeanCreationException: Error creating bean with name 'dataSource' defined in JavaConfig: Bean instantiation via factory method failed; nested exception is org.springframework.beans.BeanInstantiationException: Failed to instantiate [javax.sql.DataSource]: Factory method 'dataSource' threw exception; nested exception is org.springframework.jdbc.datasource.init.CannotReadScriptException: Cannot read SQL script from class path resource [db-schema.sql]; nested exception is java.io.FileNotFoundException: class path resource [db-schema.sql] cannot be opened because it does not exist
2018-06-12 22:13:25.396 [main] INFO  org.springframework.context.support.GenericApplicationContext - Refreshing org.springframework.context.support.GenericApplicationContext@fd8294b: startup date [Tue Jun 12 22:13:25 MSK 2018]; root of context hierarchy
2018-06-12 22:13:25.405 [main] INFO  org.springframework.beans.factory.xml.XmlBeanDefinitionReader - Loading XML bean definitions from class path resource [application-context.xml]
2018-06-12 22:13:25.419 [main] INFO  org.springframework.beans.factory.annotation.AutowiredAnnotationBeanPostProcessor - JSR-330 'javax.inject.Inject' annotation found and supported for autowiring
2018-06-12 22:13:25.427 [main] INFO  org.springframework.jdbc.datasource.embedded.EmbeddedDatabaseFactory - Starting embedded database: url='jdbc:h2:mem:d1df26f3-b5e0-48f6-bef3-8d288e97c825;DB_CLOSE_DELAY=-1;DB_CLOSE_ON_EXIT=false', username='sa'
2018-06-12 22:13:25.428 [main] INFO  org.springframework.jdbc.datasource.init.ScriptUtils - Executing SQL script from class path resource [db-schema.sql]
2018-06-12 22:13:25.429 [main] INFO  org.springframework.jdbc.datasource.embedded.EmbeddedDatabaseFactory - Shutting down embedded database: url='jdbc:h2:mem:d1df26f3-b5e0-48f6-bef3-8d288e97c825;DB_CLOSE_DELAY=-1;DB_CLOSE_ON_EXIT=false'
2018-06-12 22:13:25.430 [main] WARN  org.springframework.context.support.GenericApplicationContext - Exception encountered during context initialization - cancelling refresh attempt: org.springframework.beans.factory.BeanCreationException: Error creating bean with name 'entityManagerFactoryBean' defined in JavaConfig: Bean instantiation via factory method failed; nested exception is org.springframework.beans.BeanInstantiationException: Failed to instantiate [org.springframework.orm.jpa.LocalContainerEntityManagerFactoryBean]: Factory method 'entityManagerFactoryBean' threw exception; nested exception is org.springframework.beans.factory.BeanCreationException: Error creating bean with name 'dataSource' defined in JavaConfig: Bean instantiation via factory method failed; nested exception is org.springframework.beans.BeanInstantiationException: Failed to instantiate [javax.sql.DataSource]: Factory method 'dataSource' threw exception; nested exception is org.springframework.jdbc.datasource.init.CannotReadScriptException: Cannot read SQL script from class path resource [db-schema.sql]; nested exception is java.io.FileNotFoundException: class path resource [db-schema.sql] cannot be opened because it does not exist
2018-06-12 22:14:58.086 [main] INFO  org.springframework.test.context.support.DefaultTestContextBootstrapper - Loaded default TestExecutionListener class names from location [META-INF/spring.factories]: [org.springframework.test.context.web.ServletTestExecutionListener, org.springframework.test.context.support.DirtiesContextBeforeModesTestExecutionListener, org.springframework.test.context.support.DependencyInjectionTestExecutionListener, org.springframework.test.context.support.DirtiesContextTestExecutionListener, org.springframework.test.context.transaction.TransactionalTestExecutionListener, org.springframework.test.context.jdbc.SqlScriptsTestExecutionListener]
2018-06-12 22:14:58.109 [main] INFO  org.springframework.test.context.support.DefaultTestContextBootstrapper - Using TestExecutionListeners: [org.springframework.test.context.support.DirtiesContextBeforeModesTestExecutionListener@34f5090e, org.springframework.test.context.support.DependencyInjectionTestExecutionListener@31e5415e, org.springframework.test.context.support.DirtiesContextTestExecutionListener@a2431d0, org.springframework.test.context.transaction.TransactionalTestExecutionListener@1cbb87f3, org.springframework.test.context.jdbc.SqlScriptsTestExecutionListener@1a4013]
2018-06-12 22:14:58.202 [main] INFO  org.springframework.context.support.GenericApplicationContext - Refreshing org.springframework.context.support.GenericApplicationContext@3d6f0054: startup date [Tue Jun 12 22:14:58 MSK 2018]; root of context hierarchy
2018-06-12 22:14:58.307 [main] INFO  org.springframework.beans.factory.xml.XmlBeanDefinitionReader - Loading XML bean definitions from class path resource [application-context.xml]
2018-06-12 22:14:58.413 [main] INFO  org.springframework.beans.factory.annotation.AutowiredAnnotationBeanPostProcessor - JSR-330 'javax.inject.Inject' annotation found and supported for autowiring
2018-06-12 22:14:58.558 [main] INFO  org.springframework.jdbc.datasource.embedded.EmbeddedDatabaseFactory - Starting embedded database: url='jdbc:h2:mem:a57212ab-2ef6-4602-b0d5-d5dfa3639ca2;DB_CLOSE_DELAY=-1;DB_CLOSE_ON_EXIT=false', username='sa'
2018-06-12 22:14:58.656 [main] INFO  org.springframework.jdbc.datasource.init.ScriptUtils - Executing SQL script from class path resource [db-schema.sql]
2018-06-12 22:14:58.668 [main] INFO  org.springframework.jdbc.datasource.init.ScriptUtils - Executed SQL script from class path resource [db-schema.sql] in 12 ms.
2018-06-12 22:14:58.720 [main] INFO  org.springframework.orm.jpa.LocalContainerEntityManagerFactoryBean - Building JPA container EntityManagerFactory for persistence unit 'springframework.lab.orm.jpa'
2018-06-12 22:14:58.738 [main] INFO  org.hibernate.jpa.internal.util.LogHelper - HHH000204: Processing PersistenceUnitInfo [
	name: springframework.lab.orm.jpa
	...]
2018-06-12 22:14:58.801 [main] INFO  org.hibernate.Version - HHH000412: Hibernate Core {5.3.1.Final}
2018-06-12 22:14:58.802 [main] INFO  org.hibernate.cfg.Environment - HHH000206: hibernate.properties not found
2018-06-12 22:14:58.839 [main] INFO  org.hibernate.spatial.integration.SpatialService - HHH80000001: hibernate-spatial integration enabled : true
2018-06-12 22:14:58.873 [main] INFO  org.hibernate.annotations.common.Version - HCANN000001: Hibernate Commons Annotations {5.0.3.Final}
2018-06-12 22:14:58.989 [main] INFO  org.hibernate.dialect.Dialect - HHH000400: Using dialect: org.hibernate.dialect.H2Dialect
2018-06-12 22:14:59.186 [main] INFO  org.hibernate.validator.internal.util.Version - HV000001: Hibernate Validator 6.0.10.Final
2018-06-12 22:14:59.330 [main] INFO  org.hibernate.tool.schema.internal.SchemaCreatorImpl - HHH000476: Executing import script 'org.hibernate.tool.schema.internal.exec.ScriptSourceInputNonExistentImpl@129fed45'
2018-06-12 22:14:59.338 [main] INFO  org.springframework.orm.jpa.LocalContainerEntityManagerFactoryBean - Initialized JPA EntityManagerFactory for persistence unit 'springframework.lab.orm.jpa'
2018-06-12 22:14:59.512 [main] INFO  org.hibernate.hql.internal.QueryTranslatorFactoryInitiator - HHH000397: Using ASTQueryTranslatorFactory
2018-06-12 22:14:59.603 [Thread-1] INFO  org.springframework.context.support.GenericApplicationContext - Closing org.springframework.context.support.GenericApplicationContext@3d6f0054: startup date [Tue Jun 12 22:14:58 MSK 2018]; root of context hierarchy
2018-06-12 22:14:59.605 [Thread-1] INFO  org.springframework.orm.jpa.LocalContainerEntityManagerFactoryBean - Closing JPA EntityManagerFactory for persistence unit 'springframework.lab.orm.jpa'
2018-06-12 22:14:59.606 [Thread-1] INFO  org.springframework.jdbc.datasource.embedded.EmbeddedDatabaseFactory - Shutting down embedded database: url='jdbc:h2:mem:a57212ab-2ef6-4602-b0d5-d5dfa3639ca2;DB_CLOSE_DELAY=-1;DB_CLOSE_ON_EXIT=false'
2018-06-12 22:18:32.938 [main] INFO  org.springframework.test.context.support.DefaultTestContextBootstrapper - Loaded default TestExecutionListener class names from location [META-INF/spring.factories]: [org.springframework.test.context.web.ServletTestExecutionListener, org.springframework.test.context.support.DirtiesContextBeforeModesTestExecutionListener, org.springframework.test.context.support.DependencyInjectionTestExecutionListener, org.springframework.test.context.support.DirtiesContextTestExecutionListener, org.springframework.test.context.transaction.TransactionalTestExecutionListener, org.springframework.test.context.jdbc.SqlScriptsTestExecutionListener]
2018-06-12 22:18:32.961 [main] INFO  org.springframework.test.context.support.DefaultTestContextBootstrapper - Using TestExecutionListeners: [org.springframework.test.context.support.DirtiesContextBeforeModesTestExecutionListener@a2431d0, org.springframework.test.context.support.DependencyInjectionTestExecutionListener@1cbb87f3, org.springframework.test.context.support.DirtiesContextTestExecutionListener@1a4013, org.springframework.test.context.transaction.TransactionalTestExecutionListener@1b6e1eff, org.springframework.test.context.jdbc.SqlScriptsTestExecutionListener@306f16f3]
2018-06-12 22:18:33.040 [main] INFO  org.springframework.context.support.GenericApplicationContext - Refreshing org.springframework.context.support.GenericApplicationContext@5fbdfdcf: startup date [Tue Jun 12 22:18:33 MSK 2018]; root of context hierarchy
2018-06-12 22:18:33.133 [main] INFO  org.springframework.beans.factory.xml.XmlBeanDefinitionReader - Loading XML bean definitions from class path resource [application-context.xml]
2018-06-12 22:18:33.237 [main] INFO  org.springframework.beans.factory.annotation.AutowiredAnnotationBeanPostProcessor - JSR-330 'javax.inject.Inject' annotation found and supported for autowiring
2018-06-12 22:18:33.378 [main] INFO  org.springframework.jdbc.datasource.embedded.EmbeddedDatabaseFactory - Starting embedded database: url='jdbc:h2:mem:9f1d91a2-0855-4ea0-abb0-eaef542cf6d8;DB_CLOSE_DELAY=-1;DB_CLOSE_ON_EXIT=false', username='sa'
2018-06-12 22:18:33.476 [main] INFO  org.springframework.jdbc.datasource.init.ScriptUtils - Executing SQL script from class path resource [db-schema.sql]
2018-06-12 22:18:33.487 [main] INFO  org.springframework.jdbc.datasource.init.ScriptUtils - Executed SQL script from class path resource [db-schema.sql] in 11 ms.
2018-06-12 22:18:33.540 [main] INFO  org.springframework.orm.jpa.LocalContainerEntityManagerFactoryBean - Building JPA container EntityManagerFactory for persistence unit 'springframework.lab.orm.jpa'
2018-06-12 22:18:33.559 [main] INFO  org.hibernate.jpa.internal.util.LogHelper - HHH000204: Processing PersistenceUnitInfo [
	name: springframework.lab.orm.jpa
	...]
2018-06-12 22:18:33.616 [main] INFO  org.hibernate.Version - HHH000412: Hibernate Core {5.3.1.Final}
2018-06-12 22:18:33.617 [main] INFO  org.hibernate.cfg.Environment - HHH000206: hibernate.properties not found
2018-06-12 22:18:33.656 [main] INFO  org.hibernate.spatial.integration.SpatialService - HHH80000001: hibernate-spatial integration enabled : true
2018-06-12 22:18:33.690 [main] INFO  org.hibernate.annotations.common.Version - HCANN000001: Hibernate Commons Annotations {5.0.3.Final}
2018-06-12 22:18:33.793 [main] INFO  org.hibernate.dialect.Dialect - HHH000400: Using dialect: org.hibernate.dialect.H2Dialect
2018-06-12 22:18:33.988 [main] INFO  org.hibernate.validator.internal.util.Version - HV000001: Hibernate Validator 6.0.10.Final
2018-06-12 22:18:34.131 [main] INFO  org.hibernate.tool.schema.internal.SchemaCreatorImpl - HHH000476: Executing import script 'org.hibernate.tool.schema.internal.exec.ScriptSourceInputNonExistentImpl@129fed45'
2018-06-12 22:18:34.137 [main] INFO  org.springframework.orm.jpa.LocalContainerEntityManagerFactoryBean - Initialized JPA EntityManagerFactory for persistence unit 'springframework.lab.orm.jpa'
2018-06-12 22:18:34.321 [main] INFO  org.hibernate.hql.internal.QueryTranslatorFactoryInitiator - HHH000397: Using ASTQueryTranslatorFactory
2018-06-12 22:18:34.353 [main] ERROR org.hibernate.hql.internal.ast.ErrorTracker - line 1:8: unexpected token: *
2018-06-12 22:18:34.353 [main] ERROR org.hibernate.hql.internal.ast.ErrorTracker - line 1:8: unexpected token: *
antlr.NoViableAltException: unexpected token: *
	at org.hibernate.hql.internal.antlr.HqlBaseParser.selectClause(HqlBaseParser.java:1263) ~[hibernate-core-5.3.1.Final.jar:5.3.1.Final]
	at org.hibernate.hql.internal.antlr.HqlBaseParser.selectFrom(HqlBaseParser.java:1040) ~[hibernate-core-5.3.1.Final.jar:5.3.1.Final]
	at org.hibernate.hql.internal.antlr.HqlBaseParser.queryRule(HqlBaseParser.java:748) ~[hibernate-core-5.3.1.Final.jar:5.3.1.Final]
	at org.hibernate.hql.internal.antlr.HqlBaseParser.selectStatement(HqlBaseParser.java:319) ~[hibernate-core-5.3.1.Final.jar:5.3.1.Final]
	at org.hibernate.hql.internal.antlr.HqlBaseParser.statement(HqlBaseParser.java:198) ~[hibernate-core-5.3.1.Final.jar:5.3.1.Final]
	at org.hibernate.hql.internal.ast.QueryTranslatorImpl.parse(QueryTranslatorImpl.java:289) ~[hibernate-core-5.3.1.Final.jar:5.3.1.Final]
	at org.hibernate.hql.internal.ast.QueryTranslatorImpl.doCompile(QueryTranslatorImpl.java:188) ~[hibernate-core-5.3.1.Final.jar:5.3.1.Final]
	at org.hibernate.hql.internal.ast.QueryTranslatorImpl.compile(QueryTranslatorImpl.java:143) ~[hibernate-core-5.3.1.Final.jar:5.3.1.Final]
	at org.hibernate.engine.query.spi.HQLQueryPlan.<init>(HQLQueryPlan.java:120) ~[hibernate-core-5.3.1.Final.jar:5.3.1.Final]
	at org.hibernate.engine.query.spi.HQLQueryPlan.<init>(HQLQueryPlan.java:81) ~[hibernate-core-5.3.1.Final.jar:5.3.1.Final]
	at org.hibernate.engine.query.spi.QueryPlanCache.getHQLQueryPlan(QueryPlanCache.java:153) ~[hibernate-core-5.3.1.Final.jar:5.3.1.Final]
	at org.hibernate.internal.AbstractSharedSessionContract.getQueryPlan(AbstractSharedSessionContract.java:595) ~[hibernate-core-5.3.1.Final.jar:5.3.1.Final]
	at org.hibernate.internal.AbstractSharedSessionContract.createQuery(AbstractSharedSessionContract.java:704) ~[hibernate-core-5.3.1.Final.jar:5.3.1.Final]
	at org.hibernate.internal.AbstractSharedSessionContract.createQuery(AbstractSharedSessionContract.java:729) ~[hibernate-core-5.3.1.Final.jar:5.3.1.Final]
	at sun.reflect.NativeMethodAccessorImpl.invoke0(Native Method) ~[?:1.8.0_171]
	at sun.reflect.NativeMethodAccessorImpl.invoke(NativeMethodAccessorImpl.java:62) ~[?:1.8.0_171]
	at sun.reflect.DelegatingMethodAccessorImpl.invoke(DelegatingMethodAccessorImpl.java:43) ~[?:1.8.0_171]
	at java.lang.reflect.Method.invoke(Method.java:498) ~[?:1.8.0_171]
	at org.springframework.orm.jpa.ExtendedEntityManagerCreator$ExtendedEntityManagerInvocationHandler.invoke(ExtendedEntityManagerCreator.java:350) ~[spring-orm-5.0.6.RELEASE.jar:5.0.6.RELEASE]
	at com.sun.proxy.$Proxy56.createQuery(Unknown Source) ~[?:?]
	at dao.jpa.CountryJpaDaoImpl.lambda$getAllCountries$22e221f6$1(CountryJpaDaoImpl.java:19) ~[classes/:?]
	at dao.jpa.JpaDao.mapEntityManager(JpaDao.java:23) ~[classes/:?]
	at dao.jpa.CountryJpaDaoImpl.getAllCountries(CountryJpaDaoImpl.java:18) ~[classes/:?]
	at CountryDaoImplTest.testGetAllCountries(CountryDaoImplTest.java:51) ~[classes/:?]
	at sun.reflect.NativeMethodAccessorImpl.invoke0(Native Method) ~[?:1.8.0_171]
	at sun.reflect.NativeMethodAccessorImpl.invoke(NativeMethodAccessorImpl.java:62) ~[?:1.8.0_171]
	at sun.reflect.DelegatingMethodAccessorImpl.invoke(DelegatingMethodAccessorImpl.java:43) ~[?:1.8.0_171]
	at java.lang.reflect.Method.invoke(Method.java:498) ~[?:1.8.0_171]
	at org.junit.platform.commons.util.ReflectionUtils.invokeMethod(ReflectionUtils.java:513) ~[junit-platform-commons-1.2.0.jar:1.2.0]
	at org.junit.jupiter.engine.execution.ExecutableInvoker.invoke(ExecutableInvoker.java:115) ~[junit-jupiter-engine-5.2.0.jar:5.2.0]
	at org.junit.jupiter.engine.descriptor.TestMethodTestDescriptor.lambda$invokeTestMethod$6(TestMethodTestDescriptor.java:170) ~[junit-jupiter-engine-5.2.0.jar:5.2.0]
	at org.junit.jupiter.engine.execution.ThrowableCollector.execute(ThrowableCollector.java:40) ~[junit-jupiter-engine-5.2.0.jar:5.2.0]
	at org.junit.jupiter.engine.descriptor.TestMethodTestDescriptor.invokeTestMethod(TestMethodTestDescriptor.java:166) ~[junit-jupiter-engine-5.2.0.jar:5.2.0]
	at org.junit.jupiter.engine.descriptor.TestMethodTestDescriptor.execute(TestMethodTestDescriptor.java:113) ~[junit-jupiter-engine-5.2.0.jar:5.2.0]
	at org.junit.jupiter.engine.descriptor.TestMethodTestDescriptor.execute(TestMethodTestDescriptor.java:58) ~[junit-jupiter-engine-5.2.0.jar:5.2.0]
	at org.junit.platform.engine.support.hierarchical.HierarchicalTestExecutor$NodeExecutor.lambda$executeRecursively$3(HierarchicalTestExecutor.java:113) ~[junit-platform-engine-1.2.0.jar:1.2.0]
	at org.junit.platform.engine.support.hierarchical.SingleTestExecutor.executeSafely(SingleTestExecutor.java:66) ~[junit-platform-engine-1.2.0.jar:1.2.0]
	at org.junit.platform.engine.support.hierarchical.HierarchicalTestExecutor$NodeExecutor.executeRecursively(HierarchicalTestExecutor.java:108) ~[junit-platform-engine-1.2.0.jar:1.2.0]
	at org.junit.platform.engine.support.hierarchical.HierarchicalTestExecutor$NodeExecutor.execute(HierarchicalTestExecutor.java:79) ~[junit-platform-engine-1.2.0.jar:1.2.0]
	at org.junit.platform.engine.support.hierarchical.HierarchicalTestExecutor$NodeExecutor.lambda$executeRecursively$2(HierarchicalTestExecutor.java:121) ~[junit-platform-engine-1.2.0.jar:1.2.0]
	at java.util.stream.ForEachOps$ForEachOp$OfRef.accept(ForEachOps.java:184) ~[?:1.8.0_171]
	at java.util.stream.ReferencePipeline$2$1.accept(ReferencePipeline.java:175) ~[?:1.8.0_171]
	at java.util.Iterator.forEachRemaining(Iterator.java:116) ~[?:1.8.0_171]
	at java.util.Spliterators$IteratorSpliterator.forEachRemaining(Spliterators.java:1801) ~[?:1.8.0_171]
	at java.util.stream.AbstractPipeline.copyInto(AbstractPipeline.java:481) ~[?:1.8.0_171]
	at java.util.stream.AbstractPipeline.wrapAndCopyInto(AbstractPipeline.java:471) ~[?:1.8.0_171]
	at java.util.stream.ForEachOps$ForEachOp.evaluateSequential(ForEachOps.java:151) ~[?:1.8.0_171]
	at java.util.stream.ForEachOps$ForEachOp$OfRef.evaluateSequential(ForEachOps.java:174) ~[?:1.8.0_171]
	at java.util.stream.AbstractPipeline.evaluate(AbstractPipeline.java:234) ~[?:1.8.0_171]
	at java.util.stream.ReferencePipeline.forEach(ReferencePipeline.java:418) ~[?:1.8.0_171]
	at org.junit.platform.engine.support.hierarchical.HierarchicalTestExecutor$NodeExecutor.lambda$executeRecursively$3(HierarchicalTestExecutor.java:121) ~[junit-platform-engine-1.2.0.jar:1.2.0]
	at org.junit.platform.engine.support.hierarchical.SingleTestExecutor.executeSafely(SingleTestExecutor.java:66) ~[junit-platform-engine-1.2.0.jar:1.2.0]
	at org.junit.platform.engine.support.hierarchical.HierarchicalTestExecutor$NodeExecutor.executeRecursively(HierarchicalTestExecutor.java:108) ~[junit-platform-engine-1.2.0.jar:1.2.0]
	at org.junit.platform.engine.support.hierarchical.HierarchicalTestExecutor$NodeExecutor.execute(HierarchicalTestExecutor.java:79) ~[junit-platform-engine-1.2.0.jar:1.2.0]
	at org.junit.platform.engine.support.hierarchical.HierarchicalTestExecutor$NodeExecutor.lambda$executeRecursively$2(HierarchicalTestExecutor.java:121) ~[junit-platform-engine-1.2.0.jar:1.2.0]
	at java.util.stream.ForEachOps$ForEachOp$OfRef.accept(ForEachOps.java:184) ~[?:1.8.0_171]
	at java.util.stream.ReferencePipeline$2$1.accept(ReferencePipeline.java:175) ~[?:1.8.0_171]
	at java.util.Iterator.forEachRemaining(Iterator.java:116) ~[?:1.8.0_171]
	at java.util.Spliterators$IteratorSpliterator.forEachRemaining(Spliterators.java:1801) ~[?:1.8.0_171]
	at java.util.stream.AbstractPipeline.copyInto(AbstractPipeline.java:481) ~[?:1.8.0_171]
	at java.util.stream.AbstractPipeline.wrapAndCopyInto(AbstractPipeline.java:471) ~[?:1.8.0_171]
	at java.util.stream.ForEachOps$ForEachOp.evaluateSequential(ForEachOps.java:151) ~[?:1.8.0_171]
	at java.util.stream.ForEachOps$ForEachOp$OfRef.evaluateSequential(ForEachOps.java:174) ~[?:1.8.0_171]
	at java.util.stream.AbstractPipeline.evaluate(AbstractPipeline.java:234) ~[?:1.8.0_171]
	at java.util.stream.ReferencePipeline.forEach(ReferencePipeline.java:418) ~[?:1.8.0_171]
	at org.junit.platform.engine.support.hierarchical.HierarchicalTestExecutor$NodeExecutor.lambda$executeRecursively$3(HierarchicalTestExecutor.java:121) ~[junit-platform-engine-1.2.0.jar:1.2.0]
	at org.junit.platform.engine.support.hierarchical.SingleTestExecutor.executeSafely(SingleTestExecutor.java:66) [junit-platform-engine-1.2.0.jar:1.2.0]
	at org.junit.platform.engine.support.hierarchical.HierarchicalTestExecutor$NodeExecutor.executeRecursively(HierarchicalTestExecutor.java:108) [junit-platform-engine-1.2.0.jar:1.2.0]
	at org.junit.platform.engine.support.hierarchical.HierarchicalTestExecutor$NodeExecutor.execute(HierarchicalTestExecutor.java:79) [junit-platform-engine-1.2.0.jar:1.2.0]
	at org.junit.platform.engine.support.hierarchical.HierarchicalTestExecutor.execute(HierarchicalTestExecutor.java:55) [junit-platform-engine-1.2.0.jar:1.2.0]
	at org.junit.platform.engine.support.hierarchical.HierarchicalTestEngine.execute(HierarchicalTestEngine.java:43) [junit-platform-engine-1.2.0.jar:1.2.0]
	at org.junit.platform.launcher.core.DefaultLauncher.execute(DefaultLauncher.java:170) [junit-platform-launcher-1.2.0.jar:1.2.0]
	at org.junit.platform.launcher.core.DefaultLauncher.execute(DefaultLauncher.java:154) [junit-platform-launcher-1.2.0.jar:1.2.0]
	at org.junit.platform.launcher.core.DefaultLauncher.execute(DefaultLauncher.java:90) [junit-platform-launcher-1.2.0.jar:1.2.0]
	at com.intellij.junit5.JUnit5IdeaTestRunner.startRunnerWithArgs(JUnit5IdeaTestRunner.java:65) [junit5-rt.jar:?]
	at com.intellij.rt.execution.junit.IdeaTestRunner$Repeater.startRunnerWithArgs(IdeaTestRunner.java:47) [junit-rt.jar:?]
	at com.intellij.rt.execution.junit.JUnitStarter.prepareStreamsAndStart(JUnitStarter.java:242) [junit-rt.jar:?]
	at com.intellij.rt.execution.junit.JUnitStarter.main(JUnitStarter.java:70) [junit-rt.jar:?]
2018-06-12 22:18:34.386 [main] ERROR org.hibernate.hql.internal.ast.ErrorTracker - line 1:8: unexpected token: *
2018-06-12 22:18:34.386 [main] ERROR org.hibernate.hql.internal.ast.ErrorTracker - line 1:8: unexpected token: *
antlr.NoViableAltException: unexpected token: *
	at org.hibernate.hql.internal.antlr.HqlBaseParser.selectClause(HqlBaseParser.java:1263) ~[hibernate-core-5.3.1.Final.jar:5.3.1.Final]
	at org.hibernate.hql.internal.antlr.HqlBaseParser.selectFrom(HqlBaseParser.java:1040) ~[hibernate-core-5.3.1.Final.jar:5.3.1.Final]
	at org.hibernate.hql.internal.antlr.HqlBaseParser.queryRule(HqlBaseParser.java:748) ~[hibernate-core-5.3.1.Final.jar:5.3.1.Final]
	at org.hibernate.hql.internal.antlr.HqlBaseParser.selectStatement(HqlBaseParser.java:319) ~[hibernate-core-5.3.1.Final.jar:5.3.1.Final]
	at org.hibernate.hql.internal.antlr.HqlBaseParser.statement(HqlBaseParser.java:198) ~[hibernate-core-5.3.1.Final.jar:5.3.1.Final]
	at org.hibernate.hql.internal.ast.QueryTranslatorImpl.parse(QueryTranslatorImpl.java:289) ~[hibernate-core-5.3.1.Final.jar:5.3.1.Final]
	at org.hibernate.hql.internal.ast.QueryTranslatorImpl.doCompile(QueryTranslatorImpl.java:188) ~[hibernate-core-5.3.1.Final.jar:5.3.1.Final]
	at org.hibernate.hql.internal.ast.QueryTranslatorImpl.compile(QueryTranslatorImpl.java:143) ~[hibernate-core-5.3.1.Final.jar:5.3.1.Final]
	at org.hibernate.engine.query.spi.HQLQueryPlan.<init>(HQLQueryPlan.java:120) ~[hibernate-core-5.3.1.Final.jar:5.3.1.Final]
	at org.hibernate.engine.query.spi.HQLQueryPlan.<init>(HQLQueryPlan.java:81) ~[hibernate-core-5.3.1.Final.jar:5.3.1.Final]
	at org.hibernate.engine.query.spi.QueryPlanCache.getHQLQueryPlan(QueryPlanCache.java:153) ~[hibernate-core-5.3.1.Final.jar:5.3.1.Final]
	at org.hibernate.internal.AbstractSharedSessionContract.getQueryPlan(AbstractSharedSessionContract.java:595) ~[hibernate-core-5.3.1.Final.jar:5.3.1.Final]
	at org.hibernate.internal.AbstractSharedSessionContract.createQuery(AbstractSharedSessionContract.java:704) ~[hibernate-core-5.3.1.Final.jar:5.3.1.Final]
	at org.hibernate.internal.AbstractSharedSessionContract.createQuery(AbstractSharedSessionContract.java:729) ~[hibernate-core-5.3.1.Final.jar:5.3.1.Final]
	at sun.reflect.NativeMethodAccessorImpl.invoke0(Native Method) ~[?:1.8.0_171]
	at sun.reflect.NativeMethodAccessorImpl.invoke(NativeMethodAccessorImpl.java:62) ~[?:1.8.0_171]
	at sun.reflect.DelegatingMethodAccessorImpl.invoke(DelegatingMethodAccessorImpl.java:43) ~[?:1.8.0_171]
	at java.lang.reflect.Method.invoke(Method.java:498) ~[?:1.8.0_171]
	at org.springframework.orm.jpa.ExtendedEntityManagerCreator$ExtendedEntityManagerInvocationHandler.invoke(ExtendedEntityManagerCreator.java:350) ~[spring-orm-5.0.6.RELEASE.jar:5.0.6.RELEASE]
	at com.sun.proxy.$Proxy56.createQuery(Unknown Source) ~[?:?]
	at dao.jpa.CountryJpaDaoImpl.lambda$getAllCountries$22e221f6$1(CountryJpaDaoImpl.java:19) ~[classes/:?]
	at dao.jpa.JpaDao.mapEntityManager(JpaDao.java:23) ~[classes/:?]
	at dao.jpa.CountryJpaDaoImpl.getAllCountries(CountryJpaDaoImpl.java:18) ~[classes/:?]
	at CountryDaoImplTest.testSaveCountry(CountryDaoImplTest.java:37) ~[classes/:?]
	at sun.reflect.NativeMethodAccessorImpl.invoke0(Native Method) ~[?:1.8.0_171]
	at sun.reflect.NativeMethodAccessorImpl.invoke(NativeMethodAccessorImpl.java:62) ~[?:1.8.0_171]
	at sun.reflect.DelegatingMethodAccessorImpl.invoke(DelegatingMethodAccessorImpl.java:43) ~[?:1.8.0_171]
	at java.lang.reflect.Method.invoke(Method.java:498) ~[?:1.8.0_171]
	at org.junit.platform.commons.util.ReflectionUtils.invokeMethod(ReflectionUtils.java:513) ~[junit-platform-commons-1.2.0.jar:1.2.0]
	at org.junit.jupiter.engine.execution.ExecutableInvoker.invoke(ExecutableInvoker.java:115) ~[junit-jupiter-engine-5.2.0.jar:5.2.0]
	at org.junit.jupiter.engine.descriptor.TestMethodTestDescriptor.lambda$invokeTestMethod$6(TestMethodTestDescriptor.java:170) ~[junit-jupiter-engine-5.2.0.jar:5.2.0]
	at org.junit.jupiter.engine.execution.ThrowableCollector.execute(ThrowableCollector.java:40) ~[junit-jupiter-engine-5.2.0.jar:5.2.0]
	at org.junit.jupiter.engine.descriptor.TestMethodTestDescriptor.invokeTestMethod(TestMethodTestDescriptor.java:166) ~[junit-jupiter-engine-5.2.0.jar:5.2.0]
	at org.junit.jupiter.engine.descriptor.TestMethodTestDescriptor.execute(TestMethodTestDescriptor.java:113) ~[junit-jupiter-engine-5.2.0.jar:5.2.0]
	at org.junit.jupiter.engine.descriptor.TestMethodTestDescriptor.execute(TestMethodTestDescriptor.java:58) ~[junit-jupiter-engine-5.2.0.jar:5.2.0]
	at org.junit.platform.engine.support.hierarchical.HierarchicalTestExecutor$NodeExecutor.lambda$executeRecursively$3(HierarchicalTestExecutor.java:113) ~[junit-platform-engine-1.2.0.jar:1.2.0]
	at org.junit.platform.engine.support.hierarchical.SingleTestExecutor.executeSafely(SingleTestExecutor.java:66) ~[junit-platform-engine-1.2.0.jar:1.2.0]
	at org.junit.platform.engine.support.hierarchical.HierarchicalTestExecutor$NodeExecutor.executeRecursively(HierarchicalTestExecutor.java:108) ~[junit-platform-engine-1.2.0.jar:1.2.0]
	at org.junit.platform.engine.support.hierarchical.HierarchicalTestExecutor$NodeExecutor.execute(HierarchicalTestExecutor.java:79) ~[junit-platform-engine-1.2.0.jar:1.2.0]
	at org.junit.platform.engine.support.hierarchical.HierarchicalTestExecutor$NodeExecutor.lambda$executeRecursively$2(HierarchicalTestExecutor.java:121) ~[junit-platform-engine-1.2.0.jar:1.2.0]
	at java.util.stream.ForEachOps$ForEachOp$OfRef.accept(ForEachOps.java:184) ~[?:1.8.0_171]
	at java.util.stream.ReferencePipeline$2$1.accept(ReferencePipeline.java:175) ~[?:1.8.0_171]
	at java.util.Iterator.forEachRemaining(Iterator.java:116) ~[?:1.8.0_171]
	at java.util.Spliterators$IteratorSpliterator.forEachRemaining(Spliterators.java:1801) ~[?:1.8.0_171]
	at java.util.stream.AbstractPipeline.copyInto(AbstractPipeline.java:481) ~[?:1.8.0_171]
	at java.util.stream.AbstractPipeline.wrapAndCopyInto(AbstractPipeline.java:471) ~[?:1.8.0_171]
	at java.util.stream.ForEachOps$ForEachOp.evaluateSequential(ForEachOps.java:151) ~[?:1.8.0_171]
	at java.util.stream.ForEachOps$ForEachOp$OfRef.evaluateSequential(ForEachOps.java:174) ~[?:1.8.0_171]
	at java.util.stream.AbstractPipeline.evaluate(AbstractPipeline.java:234) ~[?:1.8.0_171]
	at java.util.stream.ReferencePipeline.forEach(ReferencePipeline.java:418) ~[?:1.8.0_171]
	at org.junit.platform.engine.support.hierarchical.HierarchicalTestExecutor$NodeExecutor.lambda$executeRecursively$3(HierarchicalTestExecutor.java:121) ~[junit-platform-engine-1.2.0.jar:1.2.0]
	at org.junit.platform.engine.support.hierarchical.SingleTestExecutor.executeSafely(SingleTestExecutor.java:66) ~[junit-platform-engine-1.2.0.jar:1.2.0]
	at org.junit.platform.engine.support.hierarchical.HierarchicalTestExecutor$NodeExecutor.executeRecursively(HierarchicalTestExecutor.java:108) ~[junit-platform-engine-1.2.0.jar:1.2.0]
	at org.junit.platform.engine.support.hierarchical.HierarchicalTestExecutor$NodeExecutor.execute(HierarchicalTestExecutor.java:79) ~[junit-platform-engine-1.2.0.jar:1.2.0]
	at org.junit.platform.engine.support.hierarchical.HierarchicalTestExecutor$NodeExecutor.lambda$executeRecursively$2(HierarchicalTestExecutor.java:121) ~[junit-platform-engine-1.2.0.jar:1.2.0]
	at java.util.stream.ForEachOps$ForEachOp$OfRef.accept(ForEachOps.java:184) ~[?:1.8.0_171]
	at java.util.stream.ReferencePipeline$2$1.accept(ReferencePipeline.java:175) ~[?:1.8.0_171]
	at java.util.Iterator.forEachRemaining(Iterator.java:116) ~[?:1.8.0_171]
	at java.util.Spliterators$IteratorSpliterator.forEachRemaining(Spliterators.java:1801) ~[?:1.8.0_171]
	at java.util.stream.AbstractPipeline.copyInto(AbstractPipeline.java:481) ~[?:1.8.0_171]
	at java.util.stream.AbstractPipeline.wrapAndCopyInto(AbstractPipeline.java:471) ~[?:1.8.0_171]
	at java.util.stream.ForEachOps$ForEachOp.evaluateSequential(ForEachOps.java:151) ~[?:1.8.0_171]
	at java.util.stream.ForEachOps$ForEachOp$OfRef.evaluateSequential(ForEachOps.java:174) ~[?:1.8.0_171]
	at java.util.stream.AbstractPipeline.evaluate(AbstractPipeline.java:234) ~[?:1.8.0_171]
	at java.util.stream.ReferencePipeline.forEach(ReferencePipeline.java:418) ~[?:1.8.0_171]
	at org.junit.platform.engine.support.hierarchical.HierarchicalTestExecutor$NodeExecutor.lambda$executeRecursively$3(HierarchicalTestExecutor.java:121) ~[junit-platform-engine-1.2.0.jar:1.2.0]
	at org.junit.platform.engine.support.hierarchical.SingleTestExecutor.executeSafely(SingleTestExecutor.java:66) [junit-platform-engine-1.2.0.jar:1.2.0]
	at org.junit.platform.engine.support.hierarchical.HierarchicalTestExecutor$NodeExecutor.executeRecursively(HierarchicalTestExecutor.java:108) [junit-platform-engine-1.2.0.jar:1.2.0]
	at org.junit.platform.engine.support.hierarchical.HierarchicalTestExecutor$NodeExecutor.execute(HierarchicalTestExecutor.java:79) [junit-platform-engine-1.2.0.jar:1.2.0]
	at org.junit.platform.engine.support.hierarchical.HierarchicalTestExecutor.execute(HierarchicalTestExecutor.java:55) [junit-platform-engine-1.2.0.jar:1.2.0]
	at org.junit.platform.engine.support.hierarchical.HierarchicalTestEngine.execute(HierarchicalTestEngine.java:43) [junit-platform-engine-1.2.0.jar:1.2.0]
	at org.junit.platform.launcher.core.DefaultLauncher.execute(DefaultLauncher.java:170) [junit-platform-launcher-1.2.0.jar:1.2.0]
	at org.junit.platform.launcher.core.DefaultLauncher.execute(DefaultLauncher.java:154) [junit-platform-launcher-1.2.0.jar:1.2.0]
	at org.junit.platform.launcher.core.DefaultLauncher.execute(DefaultLauncher.java:90) [junit-platform-launcher-1.2.0.jar:1.2.0]
	at com.intellij.junit5.JUnit5IdeaTestRunner.startRunnerWithArgs(JUnit5IdeaTestRunner.java:65) [junit5-rt.jar:?]
	at com.intellij.rt.execution.junit.IdeaTestRunner$Repeater.startRunnerWithArgs(IdeaTestRunner.java:47) [junit-rt.jar:?]
	at com.intellij.rt.execution.junit.JUnitStarter.prepareStreamsAndStart(JUnitStarter.java:242) [junit-rt.jar:?]
	at com.intellij.rt.execution.junit.JUnitStarter.main(JUnitStarter.java:70) [junit-rt.jar:?]
2018-06-12 22:18:34.398 [Thread-1] INFO  org.springframework.context.support.GenericApplicationContext - Closing org.springframework.context.support.GenericApplicationContext@5fbdfdcf: startup date [Tue Jun 12 22:18:33 MSK 2018]; root of context hierarchy
2018-06-12 22:18:34.399 [Thread-1] INFO  org.springframework.orm.jpa.LocalContainerEntityManagerFactoryBean - Closing JPA EntityManagerFactory for persistence unit 'springframework.lab.orm.jpa'
2018-06-12 22:18:34.400 [Thread-1] INFO  org.springframework.jdbc.datasource.embedded.EmbeddedDatabaseFactory - Shutting down embedded database: url='jdbc:h2:mem:9f1d91a2-0855-4ea0-abb0-eaef542cf6d8;DB_CLOSE_DELAY=-1;DB_CLOSE_ON_EXIT=false'
